#
# There is insufficient memory for the Java Runtime Environment to continue.
# Native memory allocation (malloc) failed to allocate 1048576 bytes. Error detail: AllocateHeap
# Possible reasons:
#   The system is out of physical RAM or swap space
#   This process is running with CompressedOops enabled, and the Java Heap may be blocking the growth of the native heap
# Possible solutions:
#   Reduce memory load on the system
#   Increase physical memory or swap space
#   Check if swap backing store is full
#   Decrease Java heap size (-Xmx/-Xms)
#   Decrease number of Java threads
#   Decrease Java thread stack sizes (-Xss)
#   Set larger code cache with -XX:ReservedCodeCacheSize=
#   JVM is running with Unscaled Compressed Oops mode in which the Java heap is
#     placed in the first 4GB address space. The Java Heap base address is the
#     maximum limit for the native heap growth. Please use -XX:HeapBaseMinAddress
#     to set the Java Heap base and to place the Java Heap above 4GB virtual address.
# This output file may be truncated or incomplete.
#
#  Out of Memory Error (allocation.cpp:44), pid=23648, tid=1872
#
# JRE version: OpenJDK Runtime Environment Temurin-21.0.11+10 (21.0.11+10) (build 21.0.11+10-LTS)
# Java VM: OpenJDK 64-Bit Server VM Temurin-21.0.11+10 (21.0.11+10-LTS, mixed mode, sharing, tiered, compressed oops, compressed class ptrs, parallel gc, windows-amd64)
# No core dump will be written. Minidumps are not enabled by default on client versions of Windows
#

---------------  S U M M A R Y ------------

Command Line: --add-modules=ALL-SYSTEM --add-opens=java.base/java.util=ALL-UNNAMED --add-opens=java.base/java.lang=ALL-UNNAMED --add-opens=java.base/sun.nio.fs=ALL-UNNAMED -Declipse.application=org.eclipse.jdt.ls.core.id1 -Dosgi.bundles.defaultStartLevel=4 -Declipse.product=org.eclipse.jdt.ls.core.product -Djava.import.generatesMetadataFilesAtProjectRoot=false -DDetectVMInstallationsJob.disabled=true -Dfile.encoding=utf8 -XX:+UseParallelGC -XX:GCTimeRatio=4 -XX:AdaptiveSizePolicyWeight=90 -Dsun.zip.disableMemoryMapping=true -Xmx2G -Xms100m -Xlog:disable -javaagent:c:\Users\IsaacPaul\.vscode\extensions\redhat.java-1.55.0-win32-x64\lombok\lombok-1.18.39-4050.jar -XX:+HeapDumpOnOutOfMemoryError -XX:HeapDumpPath=c:\Users\IsaacPaul\AppData\Roaming\Code\User\workspaceStorage\fb2e368fb90774100fcd995cb800ee3f\redhat.java -Daether.dependencyCollector.impl=bf c:\Users\IsaacPaul\.vscode\extensions\redhat.java-1.55.0-win32-x64\server\plugins\org.eclipse.equinox.launcher_1.7.200.v20260619-2039.jar -configuration c:\Users\IsaacPaul\AppData\Roaming\Code\User\globalStorage\redhat.java\1.55.0\config_win -data c:\Users\IsaacPaul\AppData\Roaming\Code\User\workspaceStorage\fb2e368fb90774100fcd995cb800ee3f\redhat.java\jdt_ws --pipe=\\.\pipe\lsp-09f195931568ef41b0b3fbbaa74189ac-sock

Host: 12th Gen Intel(R) Core(TM) i5-12450HX, 12 cores, 15G,  Windows 11 , 64 bit Build 26100 (10.0.26100.8521)
Time: Sat Jul 11 23:07:51 2026 India Standard Time elapsed time: 13901.564261 seconds (0d 3h 51m 41s)

---------------  T H R E A D  ---------------

Current thread (0x00000239b811b6b0):  JavaThread "Attach Listener" daemon [_thread_in_vm, id=1872, stack(0x0000005157d00000,0x0000005157e00000) (1024K)]

Stack: [0x0000005157d00000,0x0000005157e00000]
Native frames: (J=compiled Java code, j=interpreted, Vv=VM code, C=native code)
V  [jvm.dll+0x6d7e19]
V  [jvm.dll+0x8b5096]
V  [jvm.dll+0x8b764e]
V  [jvm.dll+0x8b7d33]
V  [jvm.dll+0x284596]
V  [jvm.dll+0xc13c7]
V  [jvm.dll+0x6d86c9]
V  [jvm.dll+0x133616]
V  [jvm.dll+0x3f868e]
V  [jvm.dll+0x85fb0d]
V  [jvm.dll+0x6d664d]
C  [ucrtbase.dll+0x2cd30]
C  [KERNEL32.DLL+0x2e957]
C  [ntdll.dll+0x87c1c]


---------------  P R O C E S S  ---------------

Threads class SMR info:
_java_thread_list=0x0000023a1eb82fa0, length=43, elements={
0x00000239b806d8d0, 0x00000239b8112fe0, 0x00000239b8113b10, 0x00000239b811a8a0,
0x00000239b811b6b0, 0x00000239b811e710, 0x00000239b8120630, 0x00000239b81276e0,
0x00000239b812e610, 0x0000023a110457d0, 0x0000023a110ab170, 0x0000023a16963200,
0x0000023a16071f30, 0x0000023a169aede0, 0x0000023a169af450, 0x0000023a16be07f0,
0x0000023a16f974b0, 0x0000023a1623d6b0, 0x0000023a1623b5e0, 0x0000023a1623c300,
0x0000023a1623c990, 0x0000023a1760e520, 0x0000023a1760c450, 0x0000023a1760d800,
0x0000023a1760d170, 0x0000023a1760de90, 0x0000023a1760ebb0, 0x0000023a1760f240,
0x0000023a1760f8d0, 0x0000023a1760ff60, 0x0000023a1760cae0, 0x0000023a17610c80,
0x0000023a17612030, 0x0000023a17611310, 0x0000023a176119a0, 0x0000023a176126c0,
0x0000023a176133e0, 0x0000023a19dd0df0, 0x0000023a19dd7060, 0x0000023a19dd76f0,
0x0000023a19dd5cb0, 0x0000023a17612d50, 0x0000023a18a18ca0
}

Java Threads: ( => current thread )
  0x00000239b806d8d0 JavaThread "main"                              [_thread_blocked, id=7688, stack(0x0000005157600000,0x0000005157700000) (1024K)]
  0x00000239b8112fe0 JavaThread "Reference Handler"          daemon [_thread_blocked, id=29788, stack(0x0000005157a00000,0x0000005157b00000) (1024K)]
  0x00000239b8113b10 JavaThread "Finalizer"                  daemon [_thread_blocked, id=25612, stack(0x0000005157b00000,0x0000005157c00000) (1024K)]
  0x00000239b811a8a0 JavaThread "Signal Dispatcher"          daemon [_thread_blocked, id=3716, stack(0x0000005157c00000,0x0000005157d00000) (1024K)]
=>0x00000239b811b6b0 JavaThread "Attach Listener"            daemon [_thread_in_vm, id=1872, stack(0x0000005157d00000,0x0000005157e00000) (1024K)]
  0x00000239b811e710 JavaThread "Service Thread"             daemon [_thread_blocked, id=26448, stack(0x0000005157e00000,0x0000005157f00000) (1024K)]
  0x00000239b8120630 JavaThread "Monitor Deflation Thread"   daemon [_thread_blocked, id=34116, stack(0x0000005157f00000,0x0000005158000000) (1024K)]
  0x00000239b81276e0 JavaThread "C2 CompilerThread0"         daemon [_thread_blocked, id=12928, stack(0x0000005158000000,0x0000005158100000) (1024K)]
  0x00000239b812e610 JavaThread "C1 CompilerThread0"         daemon [_thread_blocked, id=34672, stack(0x0000005158100000,0x0000005158200000) (1024K)]
  0x0000023a110457d0 JavaThread "Common-Cleaner"             daemon [_thread_blocked, id=11484, stack(0x0000005158300000,0x0000005158400000) (1024K)]
  0x0000023a110ab170 JavaThread "Notification Thread"        daemon [_thread_blocked, id=10412, stack(0x0000005158400000,0x0000005158500000) (1024K)]
  0x0000023a16963200 JavaThread "Active Thread: Equinox Container: 3fec8b23-ef1c-4886-8a64-0927ca9d6571"        [_thread_blocked, id=11896, stack(0x0000005158c00000,0x0000005158d00000) (1024K)]
  0x0000023a16071f30 JavaThread "Refresh Thread: Equinox Container: 3fec8b23-ef1c-4886-8a64-0927ca9d6571" daemon [_thread_blocked, id=15048, stack(0x0000005158500000,0x0000005158600000) (1024K)]
  0x0000023a169aede0 JavaThread "Framework Event Dispatcher: Equinox Container: 3fec8b23-ef1c-4886-8a64-0927ca9d6571" daemon [_thread_blocked, id=29644, stack(0x0000005158d00000,0x0000005158e00000) (1024K)]
  0x0000023a169af450 JavaThread "Start Level: Equinox Container: 3fec8b23-ef1c-4886-8a64-0927ca9d6571" daemon [_thread_blocked, id=29920, stack(0x0000005158e00000,0x0000005158f00000) (1024K)]
  0x0000023a16be07f0 JavaThread "Bundle File Closer"         daemon [_thread_blocked, id=9236, stack(0x0000005159200000,0x0000005159300000) (1024K)]
  0x0000023a16f974b0 JavaThread "SCR Component Actor"        daemon [_thread_blocked, id=9128, stack(0x0000005158f00000,0x0000005159000000) (1024K)]
  0x0000023a1623d6b0 JavaThread "Worker-JM"                         [_thread_blocked, id=17588, stack(0x0000005159400000,0x0000005159500000) (1024K)]
  0x0000023a1623b5e0 JavaThread "Java indexing"              daemon [_thread_blocked, id=24108, stack(0x0000005159700000,0x0000005159800000) (1024K)]
  0x0000023a1623c300 JavaThread "JNA Cleaner"                daemon [_thread_blocked, id=12156, stack(0x0000005159900000,0x0000005159a00000) (1024K)]
  0x0000023a1623c990 JavaThread "Worker-2"                          [_thread_blocked, id=32644, stack(0x0000005159c00000,0x0000005159d00000) (1024K)]
  0x0000023a1760e520 JavaThread "Thread-1"                   daemon [_thread_in_native, id=29056, stack(0x0000005159e00000,0x0000005159f00000) (1024K)]
  0x0000023a1760c450 JavaThread "Thread-2"                   daemon [_thread_in_native, id=1476, stack(0x0000005159f00000,0x000000515a000000) (1024K)]
  0x0000023a1760d800 JavaThread "Thread-3"                   daemon [_thread_in_native, id=33988, stack(0x000000515a000000,0x000000515a100000) (1024K)]
  0x0000023a1760d170 JavaThread "Thread-4"                   daemon [_thread_in_native, id=19232, stack(0x000000515a100000,0x000000515a200000) (1024K)]
  0x0000023a1760de90 JavaThread "Thread-5"                   daemon [_thread_in_native, id=25036, stack(0x000000515a200000,0x000000515a300000) (1024K)]
  0x0000023a1760ebb0 JavaThread "Thread-6"                   daemon [_thread_in_native, id=34356, stack(0x000000515a300000,0x000000515a400000) (1024K)]
  0x0000023a1760f240 JavaThread "Thread-7"                   daemon [_thread_in_native, id=13804, stack(0x000000515a400000,0x000000515a500000) (1024K)]
  0x0000023a1760f8d0 JavaThread "Thread-8"                   daemon [_thread_in_native, id=13600, stack(0x000000515a500000,0x000000515a600000) (1024K)]
  0x0000023a1760ff60 JavaThread "Thread-9"                   daemon [_thread_in_native, id=2812, stack(0x000000515a600000,0x000000515a700000) (1024K)]
  0x0000023a1760cae0 JavaThread "Thread-10"                  daemon [_thread_in_native, id=32260, stack(0x000000515a700000,0x000000515a800000) (1024K)]
  0x0000023a17610c80 JavaThread "Thread-11"                  daemon [_thread_in_native, id=21960, stack(0x000000515a800000,0x000000515a900000) (1024K)]
  0x0000023a17612030 JavaThread "Thread-12"                  daemon [_thread_in_native, id=32232, stack(0x000000515a900000,0x000000515aa00000) (1024K)]
  0x0000023a17611310 JavaThread "Thread-13"                  daemon [_thread_in_native, id=19672, stack(0x000000515aa00000,0x000000515ab00000) (1024K)]
  0x0000023a176119a0 JavaThread "pool-2-thread-1"                   [_thread_blocked, id=27092, stack(0x000000515ab00000,0x000000515ac00000) (1024K)]
  0x0000023a176126c0 JavaThread "WorkspaceEventsHandler"            [_thread_blocked, id=11796, stack(0x000000515ae00000,0x000000515af00000) (1024K)]
  0x0000023a176133e0 JavaThread "pool-1-thread-1"                   [_thread_blocked, id=29768, stack(0x000000515af00000,0x000000515b000000) (1024K)]
  0x0000023a19dd0df0 JavaThread "Cleaner-0"                  daemon [_thread_blocked, id=6696, stack(0x000000515b100000,0x000000515b200000) (1024K)]
  0x0000023a19dd7060 JavaThread "Java Debug Server"          daemon [_thread_in_native, id=29504, stack(0x0000005159b00000,0x0000005159c00000) (1024K)]
  0x0000023a19dd76f0 JavaThread "RxSchedulerPurge-1"         daemon [_thread_blocked, id=20344, stack(0x000000515c900000,0x000000515ca00000) (1024K)]
  0x0000023a19dd5cb0 JavaThread "RxCachedWorkerPoolEvictor-1" daemon [_thread_blocked, id=8064, stack(0x000000515ca00000,0x000000515cb00000) (1024K)]
  0x0000023a17612d50 JavaThread "Worker-6"                          [_thread_blocked, id=28452, stack(0x0000005157300000,0x0000005157400000) (1024K)]
  0x0000023a18a18ca0 JavaThread "ForkJoinPool.commonPool-worker-13" daemon [_thread_blocked, id=32456, stack(0x0000005157400000,0x0000005157500000) (1024K)]
Total: 43

Other Threads:
  0x00000239b80060b0 VMThread "VM Thread"                           [id=28676, stack(0x0000005157900000,0x0000005157a00000) (1024K)]
  0x00000239b80db760 WatcherThread "VM Periodic Task Thread"        [id=5768, stack(0x0000005157800000,0x0000005157900000) (1024K)]
  0x00000239b808ac40 WorkerThread "GC Thread#0"                     [id=13284, stack(0x0000005157700000,0x0000005157800000) (1024K)]
  0x0000023a166e5830 WorkerThread "GC Thread#1"                     [id=21584, stack(0x0000005158600000,0x0000005158700000) (1024K)]
  0x0000023a16338be0 WorkerThread "GC Thread#2"                     [id=28516, stack(0x0000005158700000,0x0000005158800000) (1024K)]
  0x0000023a166e5be0 WorkerThread "GC Thread#3"                     [id=15336, stack(0x0000005158800000,0x0000005158900000) (1024K)]
  0x0000023a16732b10 WorkerThread "GC Thread#4"                     [id=1020, stack(0x0000005158900000,0x0000005158a00000) (1024K)]
  0x0000023a167332d0 WorkerThread "GC Thread#5"                     [id=27408, stack(0x0000005158a00000,0x0000005158b00000) (1024K)]
  0x0000023a11158680 WorkerThread "GC Thread#6"                     [id=27584, stack(0x0000005158b00000,0x0000005158c00000) (1024K)]
  0x0000023a11158a30 WorkerThread "GC Thread#7"                     [id=34792, stack(0x0000005158200000,0x0000005158300000) (1024K)]
  0x0000023a11157410 WorkerThread "GC Thread#8"                     [id=23088, stack(0x0000005159000000,0x0000005159100000) (1024K)]
  0x0000023a111577c0 WorkerThread "GC Thread#9"                     [id=32468, stack(0x0000005159100000,0x0000005159200000) (1024K)]
Total: 12

Threads with active compile tasks:
Total: 0

VM state: not at safepoint (normal execution)

VM Mutex/Monitor currently owned by a thread: None

Heap address: 0x0000000080000000, size: 2048 MB, Compressed Oops mode: 32-bit

CDS archive(s) mapped at: [0x00000239cf000000-0x00000239cfba0000-0x00000239cfba0000), size 12189696, SharedBaseAddress: 0x00000239cf000000, ArchiveRelocationMode: 1.
Compressed class space mapped at: 0x00000239d0000000-0x0000023a10000000, reserved size: 1073741824
Narrow klass base: 0x00000239cf000000, Narrow klass shift: 0, Narrow klass range: 0x100000000

GC Precious Log:
 CardTable entry size: 512
 CPUs: 12 total, 12 available
 Memory: 16091M
 Large Page Support: Disabled
 NUMA Support: Disabled
 Compressed Oops: Enabled (32-bit)
 Alignments: Space 512K, Generation 512K, Heap 2M
 Heap Min Capacity: 100M
 Heap Initial Capacity: 100M
 Heap Max Capacity: 2G
 Pre-touch: Disabled
 Parallel Workers: 10

Heap:
 PSYoungGen      total 13312K, used 8097K [0x00000000d5580000, 0x00000000d6800000, 0x0000000100000000)
  eden space 12288K, 62% used [0x00000000d5580000,0x00000000d5d087c0,0x00000000d6180000)
  from space 1024K, 37% used [0x00000000d6600000,0x00000000d6660020,0x00000000d6700000)
  to   space 512K, 0% used [0x00000000d6780000,0x00000000d6780000,0x00000000d6800000)
 ParOldGen       total 653312K, used 653182K [0x0000000080000000, 0x00000000a7e00000, 0x00000000d5580000)
  object space 653312K, 99% used [0x0000000080000000,0x00000000a7ddfad8,0x00000000a7e00000)
 Metaspace       used 81553K, committed 83328K, reserved 1179648K
  class space    used 8719K, committed 9536K, reserved 1048576K

Card table byte_map: [0x00000239b7a10000,0x00000239b7e20000] _byte_map_base: 0x00000239b7610000

Marking Bits: (ParMarkBitMap*) 0x00007ffaaaff4460
 Begin Bits: [0x00000239ca520000, 0x00000239cc520000)
 End Bits:   [0x00000239cc520000, 0x00000239ce520000)

Polling page: 0x00000239b5e60000

Metaspace:

Usage:
  Non-class:     71.13 MB used.
      Class:      8.51 MB used.
       Both:     79.64 MB used.

Virtual space:
  Non-class space:      128.00 MB reserved,      72.06 MB ( 56%) committed,  2 nodes.
      Class space:        1.00 GB reserved,       9.31 MB ( <1%) committed,  1 nodes.
             Both:        1.12 GB reserved,      81.38 MB (  7%) committed. 

Chunk freelists:
   Non-Class:  7.92 MB
       Class:  6.53 MB
        Both:  14.45 MB

MaxMetaspaceSize: unlimited
CompressedClassSpaceSize: 1.00 GB
Initial GC threshold: 21.00 MB
Current GC threshold: 98.12 MB
CDS: on
 - commit_granule_bytes: 65536.
 - commit_granule_words: 8192.
 - virtual_space_node_default_size: 8388608.
 - enlarge_chunks_in_place: 1.
 - use_allocation_guard: 0.


Internal statistics:

num_allocs_failed_limit: 13.
num_arena_births: 1406.
num_arena_deaths: 16.
num_vsnodes_births: 3.
num_vsnodes_deaths: 0.
num_space_committed: 1302.
num_space_uncommitted: 0.
num_chunks_returned_to_freelist: 30.
num_chunks_taken_from_freelist: 5094.
num_chunk_merges: 10.
num_chunk_splits: 3133.
num_chunks_enlarged: 1824.
num_inconsistent_stats: 0.

CodeHeap 'non-profiled nmethods': size=120000Kb used=12560Kb max_used=12560Kb free=107439Kb
 bounds [0x00000239c2d40000, 0x00000239c3990000, 0x00000239ca270000]
CodeHeap 'profiled nmethods': size=120000Kb used=31801Kb max_used=31801Kb free=88198Kb
 bounds [0x00000239bb270000, 0x00000239bd180000, 0x00000239c27a0000]
CodeHeap 'non-nmethods': size=5760Kb used=1512Kb max_used=1570Kb free=4247Kb
 bounds [0x00000239c27a0000, 0x00000239c2a10000, 0x00000239c2d40000]
CodeCache: size=245760Kb, used=45873Kb, max_used=45931Kb, free=199884Kb
 total_blobs=14869, nmethods=14028, adapters=746, full_count=0
Compilation: enabled, stopped_count=0, restarted_count=0

Compilation events (20 events):
Event: 13839.068 Thread 0x00000239b812e610 14797       3       com.google.gson.internal.bind.JsonTreeReader::nextName (6 bytes)
Event: 13839.068 Thread 0x00000239b812e610 nmethod 14797 0x00000239bd178790 code [0x00000239bd178940, 0x00000239bd178a80]
Event: 13839.068 Thread 0x00000239b812e610 14798       3       com.google.gson.internal.bind.JsonTreeReader::nextName (71 bytes)
Event: 13839.070 Thread 0x00000239b812e610 nmethod 14798 0x00000239bd178b10 code [0x00000239bd178d40, 0x00000239bd1796b8]
Event: 13839.070 Thread 0x00000239b812e610 14800       3       java.util.AbstractList::listIterator (15 bytes)
Event: 13839.074 Thread 0x00000239b812e610 nmethod 14800 0x00000239bd179990 code [0x00000239bd179b80, 0x00000239bd17a100]
Event: 13839.074 Thread 0x00000239b812e610 14801       3       java.util.AbstractList::rangeCheckForAdd (26 bytes)
Event: 13839.075 Thread 0x00000239b812e610 nmethod 14801 0x00000239bd17a310 code [0x00000239bd17a5a0, 0x00000239bd17af40]
Event: 13839.075 Thread 0x00000239b812e610 14802       3       java.util.AbstractList$ListItr::<init> (16 bytes)
Event: 13839.076 Thread 0x00000239b812e610 nmethod 14802 0x00000239bd17b290 code [0x00000239bd17b440, 0x00000239bd17b658]
Event: 13839.076 Thread 0x00000239b812e610 14799       3       java.lang.invoke.LambdaForm$MH/0x00000239d0209800::invoke (56 bytes)
Event: 13839.077 Thread 0x00000239b812e610 nmethod 14799 0x00000239bd17b790 code [0x00000239bd17b9a0, 0x00000239bd17c298]
Event: 13839.083 Thread 0x00000239b812e610 14803       3       com.google.gson.stream.JsonReader::consumeNonExecutePrefix (108 bytes)
Event: 13839.084 Thread 0x00000239b812e610 nmethod 14803 0x00000239bd17c490 code [0x00000239bd17c680, 0x00000239bd17ca90]
Event: 13839.205 Thread 0x00000239b812e610 14804       1       org.eclipse.core.internal.jobs.InternalJob::internalSetRule (6 bytes)
Event: 13839.206 Thread 0x00000239b812e610 nmethod 14804 0x00000239c3983e10 code [0x00000239c3983fa0, 0x00000239c3984080]
Event: 13839.206 Thread 0x00000239b812e610 14806  s    3       org.eclipse.core.internal.jobs.OrderedLock::attempt (50 bytes)
Event: 13839.207 Thread 0x00000239b812e610 nmethod 14806 0x00000239bd17cc10 code [0x00000239bd17cde0, 0x00000239bd17d200]
Event: 13839.207 Thread 0x00000239b812e610 14805       3       org.eclipse.core.internal.jobs.OrderedLock::acquire (83 bytes)
Event: 13839.215 Thread 0x00000239b812e610 nmethod 14805 0x00000239bd17d310 code [0x00000239bd17d5c0, 0x00000239bd17e210]

GC Heap History (20 events):
Event: 105.740 GC heap before
{Heap before GC invocations=827 (full 3):
 PSYoungGen      total 14848K, used 14506K [0x00000000d5580000, 0x00000000d6880000, 0x0000000100000000)
  eden space 12288K, 100% used [0x00000000d5580000,0x00000000d6180000,0x00000000d6180000)
  from space 2560K, 86% used [0x00000000d6200000,0x00000000d642a8a8,0x00000000d6480000)
  to   space 3584K, 0% used [0x00000000d6500000,0x00000000d6500000,0x00000000d6880000)
 ParOldGen       total 612864K, used 612536K [0x0000000080000000, 0x00000000a5680000, 0x00000000d5580000)
  object space 612864K, 99% used [0x0000000080000000,0x00000000a562e3f8,0x00000000a5680000)
 Metaspace       used 77182K, committed 78912K, reserved 1179648K
  class space    used 8170K, committed 8960K, reserved 1048576K
}
Event: 105.742 GC heap after
{Heap after GC invocations=827 (full 3):
 PSYoungGen      total 13312K, used 896K [0x00000000d5580000, 0x00000000d6600000, 0x0000000100000000)
  eden space 12288K, 0% used [0x00000000d5580000,0x00000000d5580000,0x00000000d6180000)
  from space 1024K, 87% used [0x00000000d6500000,0x00000000d65e0020,0x00000000d6600000)
  to   space 2048K, 0% used [0x00000000d6200000,0x00000000d6200000,0x00000000d6400000)
 ParOldGen       total 613888K, used 613683K [0x0000000080000000, 0x00000000a5780000, 0x00000000d5580000)
  object space 613888K, 99% used [0x0000000080000000,0x00000000a574cd08,0x00000000a5780000)
 Metaspace       used 77182K, committed 78912K, reserved 1179648K
  class space    used 8170K, committed 8960K, reserved 1048576K
}
Event: 111.070 GC heap before
{Heap before GC invocations=828 (full 3):
 PSYoungGen      total 13312K, used 13184K [0x00000000d5580000, 0x00000000d6600000, 0x0000000100000000)
  eden space 12288K, 100% used [0x00000000d5580000,0x00000000d6180000,0x00000000d6180000)
  from space 1024K, 87% used [0x00000000d6500000,0x00000000d65e0020,0x00000000d6600000)
  to   space 2048K, 0% used [0x00000000d6200000,0x00000000d6200000,0x00000000d6400000)
 ParOldGen       total 613888K, used 613683K [0x0000000080000000, 0x00000000a5780000, 0x00000000d5580000)
  object space 613888K, 99% used [0x0000000080000000,0x00000000a574cd08,0x00000000a5780000)
 Metaspace       used 77443K, committed 79168K, reserved 1179648K
  class space    used 8199K, committed 8960K, reserved 1048576K
}
Event: 111.073 GC heap after
{Heap after GC invocations=828 (full 3):
 PSYoungGen      total 14336K, used 672K [0x00000000d5580000, 0x00000000d6580000, 0x0000000100000000)
  eden space 12288K, 0% used [0x00000000d5580000,0x00000000d5580000,0x00000000d6180000)
  from space 2048K, 32% used [0x00000000d6200000,0x00000000d62a8000,0x00000000d6400000)
  to   space 1024K, 0% used [0x00000000d6480000,0x00000000d6480000,0x00000000d6580000)
 ParOldGen       total 614400K, used 614330K [0x0000000080000000, 0x00000000a5800000, 0x00000000d5580000)
  object space 614400K, 99% used [0x0000000080000000,0x00000000a57eeb20,0x00000000a5800000)
 Metaspace       used 77443K, committed 79168K, reserved 1179648K
  class space    used 8199K, committed 8960K, reserved 1048576K
}
Event: 113.399 GC heap before
{Heap before GC invocations=829 (full 3):
 PSYoungGen      total 14336K, used 12960K [0x00000000d5580000, 0x00000000d6580000, 0x0000000100000000)
  eden space 12288K, 100% used [0x00000000d5580000,0x00000000d6180000,0x00000000d6180000)
  from space 2048K, 32% used [0x00000000d6200000,0x00000000d62a8000,0x00000000d6400000)
  to   space 1024K, 0% used [0x00000000d6480000,0x00000000d6480000,0x00000000d6580000)
 ParOldGen       total 614400K, used 614330K [0x0000000080000000, 0x00000000a5800000, 0x00000000d5580000)
  object space 614400K, 99% used [0x0000000080000000,0x00000000a57eeb20,0x00000000a5800000)
 Metaspace       used 77511K, committed 79232K, reserved 1179648K
  class space    used 8203K, committed 8960K, reserved 1048576K
}
Event: 113.401 GC heap after
{Heap after GC invocations=829 (full 3):
 PSYoungGen      total 13312K, used 998K [0x00000000d5580000, 0x00000000d6780000, 0x0000000100000000)
  eden space 12288K, 0% used [0x00000000d5580000,0x00000000d5580000,0x00000000d6180000)
  from space 1024K, 97% used [0x00000000d6480000,0x00000000d6579ba0,0x00000000d6580000)
  to   space 3072K, 0% used [0x00000000d6180000,0x00000000d6180000,0x00000000d6480000)
 ParOldGen       total 615936K, used 615862K [0x0000000080000000, 0x00000000a5980000, 0x00000000d5580000)
  object space 615936K, 99% used [0x0000000080000000,0x00000000a596d960,0x00000000a5980000)
 Metaspace       used 77511K, committed 79232K, reserved 1179648K
  class space    used 8203K, committed 8960K, reserved 1048576K
}
Event: 117.048 GC heap before
{Heap before GC invocations=830 (full 3):
 PSYoungGen      total 13312K, used 13286K [0x00000000d5580000, 0x00000000d6780000, 0x0000000100000000)
  eden space 12288K, 100% used [0x00000000d5580000,0x00000000d6180000,0x00000000d6180000)
  from space 1024K, 97% used [0x00000000d6480000,0x00000000d6579ba0,0x00000000d6580000)
  to   space 3072K, 0% used [0x00000000d6180000,0x00000000d6180000,0x00000000d6480000)
 ParOldGen       total 615936K, used 615862K [0x0000000080000000, 0x00000000a5980000, 0x00000000d5580000)
  object space 615936K, 99% used [0x0000000080000000,0x00000000a596d960,0x00000000a5980000)
 Metaspace       used 77590K, committed 79232K, reserved 1179648K
  class space    used 8204K, committed 8960K, reserved 1048576K
}
Event: 117.049 GC heap after
{Heap after GC invocations=830 (full 3):
 PSYoungGen      total 14336K, used 1773K [0x00000000d5580000, 0x00000000d6580000, 0x0000000100000000)
  eden space 12288K, 0% used [0x00000000d5580000,0x00000000d5580000,0x00000000d6180000)
  from space 2048K, 86% used [0x00000000d6180000,0x00000000d633b5d0,0x00000000d6380000)
  to   space 2048K, 0% used [0x00000000d6380000,0x00000000d6380000,0x00000000d6580000)
 ParOldGen       total 616448K, used 615974K [0x0000000080000000, 0x00000000a5a00000, 0x00000000d5580000)
  object space 616448K, 99% used [0x0000000080000000,0x00000000a5989970,0x00000000a5a00000)
 Metaspace       used 77590K, committed 79232K, reserved 1179648K
  class space    used 8204K, committed 8960K, reserved 1048576K
}
Event: 117.090 GC heap before
{Heap before GC invocations=831 (full 3):
 PSYoungGen      total 14336K, used 14061K [0x00000000d5580000, 0x00000000d6580000, 0x0000000100000000)
  eden space 12288K, 100% used [0x00000000d5580000,0x00000000d6180000,0x00000000d6180000)
  from space 2048K, 86% used [0x00000000d6180000,0x00000000d633b5d0,0x00000000d6380000)
  to   space 2048K, 0% used [0x00000000d6380000,0x00000000d6380000,0x00000000d6580000)
 ParOldGen       total 616448K, used 615974K [0x0000000080000000, 0x00000000a5a00000, 0x00000000d5580000)
  object space 616448K, 99% used [0x0000000080000000,0x00000000a5989970,0x00000000a5a00000)
 Metaspace       used 77601K, committed 79296K, reserved 1179648K
  class space    used 8204K, committed 8960K, reserved 1048576K
}
Event: 117.091 GC heap after
{Heap after GC invocations=831 (full 3):
 PSYoungGen      total 14336K, used 1430K [0x00000000d5580000, 0x00000000d6580000, 0x0000000100000000)
  eden space 12288K, 0% used [0x00000000d5580000,0x00000000d5580000,0x00000000d6180000)
  from space 2048K, 69% used [0x00000000d6380000,0x00000000d64e5bb0,0x00000000d6580000)
  to   space 2048K, 0% used [0x00000000d6180000,0x00000000d6180000,0x00000000d6380000)
 ParOldGen       total 616448K, used 616136K [0x0000000080000000, 0x00000000a5a00000, 0x00000000d5580000)
  object space 616448K, 99% used [0x0000000080000000,0x00000000a59b2280,0x00000000a5a00000)
 Metaspace       used 77601K, committed 79296K, reserved 1179648K
  class space    used 8204K, committed 8960K, reserved 1048576K
}
Event: 117.467 GC heap before
{Heap before GC invocations=832 (full 3):
 PSYoungGen      total 14336K, used 13718K [0x00000000d5580000, 0x00000000d6580000, 0x0000000100000000)
  eden space 12288K, 100% used [0x00000000d5580000,0x00000000d6180000,0x00000000d6180000)
  from space 2048K, 69% used [0x00000000d6380000,0x00000000d64e5bb0,0x00000000d6580000)
  to   space 2048K, 0% used [0x00000000d6180000,0x00000000d6180000,0x00000000d6380000)
 ParOldGen       total 648192K, used 646856K [0x0000000080000000, 0x00000000a7900000, 0x00000000d5580000)
  object space 648192K, 99% used [0x0000000080000000,0x00000000a77b22b0,0x00000000a7900000)
 Metaspace       used 77702K, committed 79360K, reserved 1179648K
  class space    used 8214K, committed 8960K, reserved 1048576K
}
Event: 117.471 GC heap after
{Heap after GC invocations=832 (full 3):
 PSYoungGen      total 14336K, used 2032K [0x00000000d5580000, 0x00000000d6e80000, 0x0000000100000000)
  eden space 12288K, 0% used [0x00000000d5580000,0x00000000d5580000,0x00000000d6180000)
  from space 2048K, 99% used [0x00000000d6180000,0x00000000d637c010,0x00000000d6380000)
  to   space 6656K, 0% used [0x00000000d6800000,0x00000000d6800000,0x00000000d6e80000)
 ParOldGen       total 650752K, used 650330K [0x0000000080000000, 0x00000000a7b80000, 0x00000000d5580000)
  object space 650752K, 99% used [0x0000000080000000,0x00000000a7b16bc0,0x00000000a7b80000)
 Metaspace       used 77702K, committed 79360K, reserved 1179648K
  class space    used 8214K, committed 8960K, reserved 1048576K
}
Event: 142.393 GC heap before
{Heap before GC invocations=833 (full 3):
 PSYoungGen      total 14336K, used 14304K [0x00000000d5580000, 0x00000000d6e80000, 0x0000000100000000)
  eden space 12288K, 99% used [0x00000000d5580000,0x00000000d617c1a8,0x00000000d6180000)
  from space 2048K, 99% used [0x00000000d6180000,0x00000000d637c010,0x00000000d6380000)
  to   space 6656K, 0% used [0x00000000d6800000,0x00000000d6800000,0x00000000d6e80000)
 ParOldGen       total 650752K, used 650330K [0x0000000080000000, 0x00000000a7b80000, 0x00000000d5580000)
  object space 650752K, 99% used [0x0000000080000000,0x00000000a7b16bc0,0x00000000a7b80000)
 Metaspace       used 78400K, committed 80128K, reserved 1179648K
  class space    used 8285K, committed 9024K, reserved 1048576K
}
Event: 142.395 GC heap after
{Heap after GC invocations=833 (full 3):
 PSYoungGen      total 12800K, used 412K [0x00000000d5580000, 0x00000000d6880000, 0x0000000100000000)
  eden space 12288K, 0% used [0x00000000d5580000,0x00000000d5580000,0x00000000d6180000)
  from space 512K, 80% used [0x00000000d6800000,0x00000000d6867018,0x00000000d6880000)
  to   space 2560K, 0% used [0x00000000d6380000,0x00000000d6380000,0x00000000d6600000)
 ParOldGen       total 652800K, used 652317K [0x0000000080000000, 0x00000000a7d80000, 0x00000000d5580000)
  object space 652800K, 99% used [0x0000000080000000,0x00000000a7d074d0,0x00000000a7d80000)
 Metaspace       used 78400K, committed 80128K, reserved 1179648K
  class space    used 8285K, committed 9024K, reserved 1048576K
}
Event: 142.605 GC heap before
{Heap before GC invocations=834 (full 3):
 PSYoungGen      total 12800K, used 12700K [0x00000000d5580000, 0x00000000d6880000, 0x0000000100000000)
  eden space 12288K, 100% used [0x00000000d5580000,0x00000000d6180000,0x00000000d6180000)
  from space 512K, 80% used [0x00000000d6800000,0x00000000d6867018,0x00000000d6880000)
  to   space 2560K, 0% used [0x00000000d6380000,0x00000000d6380000,0x00000000d6600000)
 ParOldGen       total 652800K, used 652317K [0x0000000080000000, 0x00000000a7d80000, 0x00000000d5580000)
  object space 652800K, 99% used [0x0000000080000000,0x00000000a7d074d0,0x00000000a7d80000)
 Metaspace       used 79853K, committed 81536K, reserved 1179648K
  class space    used 8480K, committed 9216K, reserved 1048576K
}
Event: 142.608 GC heap after
{Heap after GC invocations=834 (full 3):
 PSYoungGen      total 14848K, used 513K [0x00000000d5580000, 0x00000000d6880000, 0x0000000100000000)
  eden space 12288K, 0% used [0x00000000d5580000,0x00000000d5580000,0x00000000d6180000)
  from space 2560K, 20% used [0x00000000d6380000,0x00000000d64005d8,0x00000000d6600000)
  to   space 1024K, 0% used [0x00000000d6780000,0x00000000d6780000,0x00000000d6880000)
 ParOldGen       total 652800K, used 652533K [0x0000000080000000, 0x00000000a7d80000, 0x00000000d5580000)
  object space 652800K, 99% used [0x0000000080000000,0x00000000a7d3d4e0,0x00000000a7d80000)
 Metaspace       used 79853K, committed 81536K, reserved 1179648K
  class space    used 8480K, committed 9216K, reserved 1048576K
}
Event: 145.711 GC heap before
{Heap before GC invocations=835 (full 3):
 PSYoungGen      total 14848K, used 12801K [0x00000000d5580000, 0x00000000d6880000, 0x0000000100000000)
  eden space 12288K, 100% used [0x00000000d5580000,0x00000000d6180000,0x00000000d6180000)
  from space 2560K, 20% used [0x00000000d6380000,0x00000000d64005d8,0x00000000d6600000)
  to   space 1024K, 0% used [0x00000000d6780000,0x00000000d6780000,0x00000000d6880000)
 ParOldGen       total 652800K, used 652533K [0x0000000080000000, 0x00000000a7d80000, 0x00000000d5580000)
  object space 652800K, 99% used [0x0000000080000000,0x00000000a7d3d4e0,0x00000000a7d80000)
 Metaspace       used 81137K, committed 82944K, reserved 1179648K
  class space    used 8673K, committed 9472K, reserved 1048576K
}
Event: 145.712 GC heap after
{Heap after GC invocations=835 (full 3):
 PSYoungGen      total 12800K, used 480K [0x00000000d5580000, 0x00000000d6800000, 0x0000000100000000)
  eden space 12288K, 0% used [0x00000000d5580000,0x00000000d5580000,0x00000000d6180000)
  from space 512K, 93% used [0x00000000d6780000,0x00000000d67f8000,0x00000000d6800000)
  to   space 1024K, 0% used [0x00000000d6600000,0x00000000d6600000,0x00000000d6700000)
 ParOldGen       total 653312K, used 652862K [0x0000000080000000, 0x00000000a7e00000, 0x00000000d5580000)
  object space 653312K, 99% used [0x0000000080000000,0x00000000a7d8fad8,0x00000000a7e00000)
 Metaspace       used 81137K, committed 82944K, reserved 1179648K
  class space    used 8673K, committed 9472K, reserved 1048576K
}
Event: 11378.117 GC heap before
{Heap before GC invocations=836 (full 3):
 PSYoungGen      total 12800K, used 12768K [0x00000000d5580000, 0x00000000d6800000, 0x0000000100000000)
  eden space 12288K, 100% used [0x00000000d5580000,0x00000000d6180000,0x00000000d6180000)
  from space 512K, 93% used [0x00000000d6780000,0x00000000d67f8000,0x00000000d6800000)
  to   space 1024K, 0% used [0x00000000d6600000,0x00000000d6600000,0x00000000d6700000)
 ParOldGen       total 653312K, used 652862K [0x0000000080000000, 0x00000000a7e00000, 0x00000000d5580000)
  object space 653312K, 99% used [0x0000000080000000,0x00000000a7d8fad8,0x00000000a7e00000)
 Metaspace       used 81338K, committed 83072K, reserved 1179648K
  class space    used 8686K, committed 9472K, reserved 1048576K
}
Event: 11378.450 GC heap after
{Heap after GC invocations=836 (full 3):
 PSYoungGen      total 13312K, used 384K [0x00000000d5580000, 0x00000000d6800000, 0x0000000100000000)
  eden space 12288K, 0% used [0x00000000d5580000,0x00000000d5580000,0x00000000d6180000)
  from space 1024K, 37% used [0x00000000d6600000,0x00000000d6660020,0x00000000d6700000)
  to   space 512K, 0% used [0x00000000d6780000,0x00000000d6780000,0x00000000d6800000)
 ParOldGen       total 653312K, used 653182K [0x0000000080000000, 0x00000000a7e00000, 0x00000000d5580000)
  object space 653312K, 99% used [0x0000000080000000,0x00000000a7ddfad8,0x00000000a7e00000)
 Metaspace       used 81338K, committed 83072K, reserved 1179648K
  class space    used 8686K, committed 9472K, reserved 1048576K
}

Dll operation events (14 events):
Event: 0.006 Loaded shared library c:\Users\IsaacPaul\.vscode\extensions\redhat.java-1.55.0-win32-x64\jre\21.0.11-win32-x86_64\bin\java.dll
Event: 0.106 Loaded shared library c:\Users\IsaacPaul\.vscode\extensions\redhat.java-1.55.0-win32-x64\jre\21.0.11-win32-x86_64\bin\zip.dll
Event: 0.130 Loaded shared library C:\Users\IsaacPaul\.vscode\extensions\redhat.java-1.55.0-win32-x64\jre\21.0.11-win32-x86_64\bin\instrument.dll
Event: 0.133 Loaded shared library C:\Users\IsaacPaul\.vscode\extensions\redhat.java-1.55.0-win32-x64\jre\21.0.11-win32-x86_64\bin\net.dll
Event: 0.135 Loaded shared library C:\Users\IsaacPaul\.vscode\extensions\redhat.java-1.55.0-win32-x64\jre\21.0.11-win32-x86_64\bin\nio.dll
Event: 0.137 Loaded shared library C:\Users\IsaacPaul\.vscode\extensions\redhat.java-1.55.0-win32-x64\jre\21.0.11-win32-x86_64\bin\zip.dll
Event: 0.149 Loaded shared library C:\Users\IsaacPaul\.vscode\extensions\redhat.java-1.55.0-win32-x64\jre\21.0.11-win32-x86_64\bin\jimage.dll
Event: 0.199 Loaded shared library c:\Users\IsaacPaul\.vscode\extensions\redhat.java-1.55.0-win32-x64\jre\21.0.11-win32-x86_64\bin\verify.dll
Event: 8.474 Loaded shared library C:\Users\IsaacPaul\AppData\Roaming\Code\User\globalStorage\redhat.java\1.55.0\config_win\org.eclipse.equinox.launcher\org.eclipse.equinox.launcher.win32.win32.x86_64_1.3.100.v20260613-0559\eclipse_11924.dll
Event: 21.329 Loaded shared library C:\Users\IsaacPaul\.vscode\extensions\redhat.java-1.55.0-win32-x64\jre\21.0.11-win32-x86_64\bin\management.dll
Event: 21.331 Loaded shared library C:\Users\IsaacPaul\.vscode\extensions\redhat.java-1.55.0-win32-x64\jre\21.0.11-win32-x86_64\bin\management_ext.dll
Event: 22.223 Loaded shared library C:\Users\IsaacPaul\AppData\Local\Temp\jna--1475983711\jna1060964583428502811.dll
Event: 22.341 Loaded shared library C:\Users\IsaacPaul\.vscode\extensions\redhat.java-1.55.0-win32-x64\jre\21.0.11-win32-x86_64\bin\sunmscapi.dll
Event: 22.724 Loaded shared library C:\Users\IsaacPaul\.vscode\extensions\redhat.java-1.55.0-win32-x64\jre\21.0.11-win32-x86_64\bin\extnet.dll

Deoptimization events (20 events):
Event: 9695.648 Thread 0x0000023a19dd76f0 Uncommon trap: trap_request=0xffffffd6 fr.pc=0x00000239c3967b20 relative=0x0000000000000640
Event: 9695.648 Thread 0x0000023a19dd76f0 Uncommon trap: reason=array_check action=maybe_recompile pc=0x00000239c3967b20 method=java.util.concurrent.ScheduledThreadPoolExecutor$DelayedWorkQueue.offer(Ljava/lang/Runnable;)Z @ 65 c2
Event: 9695.648 Thread 0x0000023a19dd76f0 DEOPT PACKING pc=0x00000239c3967b20 sp=0x000000515c9ff0b0
Event: 9695.648 Thread 0x0000023a19dd76f0 DEOPT UNPACKING pc=0x00000239c27f3aa2 sp=0x000000515c9feec0 mode 2
Event: 9695.648 Thread 0x0000023a19dd76f0 Uncommon trap: trap_request=0xffffffd6 fr.pc=0x00000239c3965cc0 relative=0x0000000000000300
Event: 9695.648 Thread 0x0000023a19dd76f0 Uncommon trap: reason=array_check action=maybe_recompile pc=0x00000239c3965cc0 method=java.util.concurrent.ScheduledThreadPoolExecutor$DelayedWorkQueue.offer(Ljava/lang/Runnable;)Z @ 65 c2
Event: 9695.648 Thread 0x0000023a19dd76f0 DEOPT PACKING pc=0x00000239c3965cc0 sp=0x000000515c9ff020
Event: 9695.648 Thread 0x0000023a19dd76f0 DEOPT UNPACKING pc=0x00000239c27f3aa2 sp=0x000000515c9feec0 mode 2
Event: 9695.648 Thread 0x0000023a19dd76f0 Uncommon trap: trap_request=0xffffffd6 fr.pc=0x00000239c3966a40 relative=0x0000000000000300
Event: 9695.648 Thread 0x0000023a19dd76f0 Uncommon trap: reason=array_check action=maybe_recompile pc=0x00000239c3966a40 method=java.util.concurrent.ScheduledThreadPoolExecutor$DelayedWorkQueue.offer(Ljava/lang/Runnable;)Z @ 65 c2
Event: 9695.648 Thread 0x0000023a19dd76f0 DEOPT PACKING pc=0x00000239c3966a40 sp=0x000000515c9fef70
Event: 9695.648 Thread 0x0000023a19dd76f0 DEOPT UNPACKING pc=0x00000239c27f3aa2 sp=0x000000515c9feee0 mode 2
Event: 11378.450 Thread 0x0000023a19dd0df0 Uncommon trap: trap_request=0xffffff45 fr.pc=0x00000239c395e014 relative=0x0000000000000074
Event: 11378.450 Thread 0x0000023a19dd0df0 Uncommon trap: reason=unstable_if action=reinterpret pc=0x00000239c395e014 method=java.util.concurrent.locks.AbstractQueuedSynchronizer$ConditionObject.canReacquire(Ljava/util/concurrent/locks/AbstractQueuedSynchronizer$ConditionNode;)Z @ 10 c2
Event: 11378.450 Thread 0x0000023a19dd0df0 DEOPT PACKING pc=0x00000239c395e014 sp=0x000000515b1ff440
Event: 11378.451 Thread 0x0000023a19dd0df0 DEOPT UNPACKING pc=0x00000239c27f3aa2 sp=0x000000515b1ff3c8 mode 2
Event: 11378.648 Thread 0x0000023a17613a70 Uncommon trap: trap_request=0xffffff45 fr.pc=0x00000239c378c6f0 relative=0x0000000000000450
Event: 11378.649 Thread 0x0000023a17613a70 Uncommon trap: reason=unstable_if action=reinterpret pc=0x00000239c378c6f0 method=org.lombokweb.asm.ClassReader.readVerificationTypeInfo(I[Ljava/lang/Object;I[C[Lorg/lombokweb/asm/Label;)I @ 21 c2
Event: 11378.649 Thread 0x0000023a17613a70 DEOPT PACKING pc=0x00000239c378c6f0 sp=0x00000051574fbd50
Event: 11378.650 Thread 0x0000023a17613a70 DEOPT UNPACKING pc=0x00000239c27f3aa2 sp=0x00000051574fbcd0 mode 2

Classes loaded (20 events):
Event: 142.729 Loading class java/util/TaskQueue
Event: 142.729 Loading class java/util/TaskQueue done
Event: 142.729 Loading class java/util/TimerThread
Event: 142.729 Loading class java/util/TimerThread done
Event: 142.730 Loading class java/util/Timer$ThreadReaper
Event: 142.730 Loading class java/util/Timer$ThreadReaper done
Event: 142.733 Loading class java/util/concurrent/CompletableFuture$UniWhenComplete
Event: 142.733 Loading class java/util/concurrent/CompletableFuture$UniWhenComplete done
Event: 142.734 Loading class java/util/concurrent/CompletableFuture$UniCompose
Event: 142.734 Loading class java/util/concurrent/CompletableFuture$UniCompose done
Event: 142.734 Loading class java/util/concurrent/CompletableFuture$UniRelay
Event: 142.734 Loading class java/util/concurrent/CompletableFuture$UniRelay done
Event: 143.550 Loading class java/util/concurrent/ScheduledThreadPoolExecutor$DelayedWorkQueue$Itr
Event: 143.550 Loading class java/util/concurrent/ScheduledThreadPoolExecutor$DelayedWorkQueue$Itr done
Event: 145.709 Loading class java/lang/ProcessHandleImpl$ExitCompletion
Event: 145.709 Loading class java/lang/ProcessHandleImpl$ExitCompletion done
Event: 145.710 Loading class java/lang/ProcessHandleImpl$1
Event: 145.710 Loading class java/lang/ProcessHandleImpl$1 done
Event: 145.710 Loading class java/util/concurrent/CompletableFuture$UniHandle
Event: 145.710 Loading class java/util/concurrent/CompletableFuture$UniHandle done

Classes unloaded (8 events):
Event: 21.738 Thread 0x00000239b80060b0 Unloading class 0x00000239d01a4800 'java/lang/invoke/LambdaForm$MH+0x00000239d01a4800'
Event: 21.738 Thread 0x00000239b80060b0 Unloading class 0x00000239d01a4400 'java/lang/invoke/LambdaForm$MH+0x00000239d01a4400'
Event: 21.738 Thread 0x00000239b80060b0 Unloading class 0x00000239d01a4000 'java/lang/invoke/LambdaForm$MH+0x00000239d01a4000'
Event: 21.738 Thread 0x00000239b80060b0 Unloading class 0x00000239d01a3c00 'java/lang/invoke/LambdaForm$MH+0x00000239d01a3c00'
Event: 21.738 Thread 0x00000239b80060b0 Unloading class 0x00000239d01a3800 'java/lang/invoke/LambdaForm$BMH+0x00000239d01a3800'
Event: 21.738 Thread 0x00000239b80060b0 Unloading class 0x00000239d01a3400 'java/lang/invoke/LambdaForm$DMH+0x00000239d01a3400'
Event: 21.738 Thread 0x00000239b80060b0 Unloading class 0x00000239d01a2000 'java/lang/invoke/LambdaForm$DMH+0x00000239d01a2000'
Event: 29.104 Thread 0x00000239b80060b0 Unloading class 0x00000239d0660000 'java/lang/invoke/LambdaForm$DMH+0x00000239d0660000'

Classes redefined (0 events):
No events

Internal exceptions (20 events):
Event: 1438.333 Thread 0x0000023a176105f0 Exception <a 'sun/nio/fs/WindowsException'{0x00000000d5812dd8}> (0x00000000d5812dd8) 
thrown [s\src\hotspot\share\prims\jni.cpp, line 520]
Event: 1438.334 Thread 0x0000023a176105f0 Exception <a 'sun/nio/fs/WindowsException'{0x00000000d5814298}> (0x00000000d5814298) 
thrown [s\src\hotspot\share\prims\jni.cpp, line 520]
Event: 1438.334 Thread 0x0000023a176105f0 Exception <a 'sun/nio/fs/WindowsException'{0x00000000d5814c38}> (0x00000000d5814c38) 
thrown [s\src\hotspot\share\prims\jni.cpp, line 520]
Event: 1438.334 Thread 0x0000023a176105f0 Exception <a 'sun/nio/fs/WindowsException'{0x00000000d5816010}> (0x00000000d5816010) 
thrown [s\src\hotspot\share\prims\jni.cpp, line 520]
Event: 1438.334 Thread 0x0000023a176105f0 Exception <a 'sun/nio/fs/WindowsException'{0x00000000d5816818}> (0x00000000d5816818) 
thrown [s\src\hotspot\share\prims\jni.cpp, line 520]
Event: 1438.338 Thread 0x0000023a176105f0 Implicit null exception at 0x00000239c3828b03 to 0x00000239c3828bc6
Event: 1738.353 Thread 0x0000023a1623a230 Exception <a 'sun/nio/fs/WindowsException'{0x00000000d5bfe3c8}> (0x00000000d5bfe3c8) 
thrown [s\src\hotspot\share\prims\jni.cpp, line 520]
Event: 1738.353 Thread 0x0000023a1623a230 Exception <a 'sun/nio/fs/WindowsException'{0x00000000d5bfef08}> (0x00000000d5bfef08) 
thrown [s\src\hotspot\share\prims\jni.cpp, line 520]
Event: 10227.814 Thread 0x0000023a176105f0 Exception <a 'sun/nio/fs/WindowsException'{0x00000000d6041830}> (0x00000000d6041830) 
thrown [s\src\hotspot\share\prims\jni.cpp, line 520]
Event: 10227.815 Thread 0x0000023a176105f0 Exception <a 'sun/nio/fs/WindowsException'{0x00000000d6042390}> (0x00000000d6042390) 
thrown [s\src\hotspot\share\prims\jni.cpp, line 520]
Event: 10227.821 Thread 0x0000023a176105f0 Exception <a 'sun/nio/fs/WindowsException'{0x00000000d6043ad0}> (0x00000000d6043ad0) 
thrown [s\src\hotspot\share\prims\jni.cpp, line 520]
Event: 10227.821 Thread 0x0000023a176105f0 Exception <a 'sun/nio/fs/WindowsException'{0x00000000d6044470}> (0x00000000d6044470) 
thrown [s\src\hotspot\share\prims\jni.cpp, line 520]
Event: 10227.821 Thread 0x0000023a176105f0 Exception <a 'sun/nio/fs/WindowsException'{0x00000000d60455f8}> (0x00000000d60455f8) 
thrown [s\src\hotspot\share\prims\jni.cpp, line 520]
Event: 10227.822 Thread 0x0000023a176105f0 Exception <a 'sun/nio/fs/WindowsException'{0x00000000d6045e00}> (0x00000000d6045e00) 
thrown [s\src\hotspot\share\prims\jni.cpp, line 520]
Event: 13839.043 Thread 0x0000023a18a19330 Exception <a 'sun/nio/fs/WindowsException'{0x00000000d5ca97f8}> (0x00000000d5ca97f8) 
thrown [s\src\hotspot\share\prims\jni.cpp, line 520]
Event: 13839.044 Thread 0x0000023a18a19330 Exception <a 'sun/nio/fs/WindowsException'{0x00000000d5caa358}> (0x00000000d5caa358) 
thrown [s\src\hotspot\share\prims\jni.cpp, line 520]
Event: 13839.046 Thread 0x0000023a18a19330 Exception <a 'sun/nio/fs/WindowsException'{0x00000000d5caba98}> (0x00000000d5caba98) 
thrown [s\src\hotspot\share\prims\jni.cpp, line 520]
Event: 13839.046 Thread 0x0000023a18a19330 Exception <a 'sun/nio/fs/WindowsException'{0x00000000d5cac438}> (0x00000000d5cac438) 
thrown [s\src\hotspot\share\prims\jni.cpp, line 520]
Event: 13839.046 Thread 0x0000023a18a19330 Exception <a 'sun/nio/fs/WindowsException'{0x00000000d5cad5c0}> (0x00000000d5cad5c0) 
thrown [s\src\hotspot\share\prims\jni.cpp, line 520]
Event: 13839.046 Thread 0x0000023a18a19330 Exception <a 'sun/nio/fs/WindowsException'{0x00000000d5caddc8}> (0x00000000d5caddc8) 
thrown [s\src\hotspot\share\prims\jni.cpp, line 520]

ZGC Phase Switch (0 events):
No events

VM Operations (20 events):
Event: 13542.524 Executing non-safepoint VM operation: HandshakeAllThreads (HandshakeForDeflation)
Event: 13542.524 Executing non-safepoint VM operation: HandshakeAllThreads (HandshakeForDeflation) done
Event: 13542.525 Executing non-safepoint VM operation: RendezvousGCThreads
Event: 13542.525 Executing non-safepoint VM operation: RendezvousGCThreads done
Event: 13662.824 Executing non-safepoint VM operation: HandshakeAllThreads (HandshakeForDeflation)
Event: 13662.825 Executing non-safepoint VM operation: HandshakeAllThreads (HandshakeForDeflation) done
Event: 13662.825 Executing non-safepoint VM operation: RendezvousGCThreads
Event: 13662.825 Executing non-safepoint VM operation: RendezvousGCThreads done
Event: 13723.038 Executing non-safepoint VM operation: HandshakeAllThreads (HandshakeForDeflation)
Event: 13723.038 Executing non-safepoint VM operation: HandshakeAllThreads (HandshakeForDeflation) done
Event: 13723.038 Executing non-safepoint VM operation: RendezvousGCThreads
Event: 13723.038 Executing non-safepoint VM operation: RendezvousGCThreads done
Event: 13783.213 Executing non-safepoint VM operation: HandshakeAllThreads (HandshakeForDeflation)
Event: 13783.213 Executing non-safepoint VM operation: HandshakeAllThreads (HandshakeForDeflation) done
Event: 13783.213 Executing non-safepoint VM operation: RendezvousGCThreads
Event: 13783.213 Executing non-safepoint VM operation: RendezvousGCThreads done
Event: 13843.448 Executing non-safepoint VM operation: HandshakeAllThreads (HandshakeForDeflation)
Event: 13843.448 Executing non-safepoint VM operation: HandshakeAllThreads (HandshakeForDeflation) done
Event: 13843.448 Executing non-safepoint VM operation: RendezvousGCThreads
Event: 13843.448 Executing non-safepoint VM operation: RendezvousGCThreads done

Memory protections (0 events):
No events

Nmethod flushes (20 events):
Event: 29.115 Thread 0x00000239b80060b0 flushing  nmethod 0x00000239bbabc590
Event: 29.115 Thread 0x00000239b80060b0 flushing  nmethod 0x00000239bbabcb10
Event: 29.115 Thread 0x00000239b80060b0 flushing  nmethod 0x00000239bbac0010
Event: 29.115 Thread 0x00000239b80060b0 flushing  nmethod 0x00000239bbac1310
Event: 29.115 Thread 0x00000239b80060b0 flushing  nmethod 0x00000239bbac3690
Event: 29.115 Thread 0x00000239b80060b0 flushing  nmethod 0x00000239bbac3c90
Event: 29.115 Thread 0x00000239b80060b0 flushing  nmethod 0x00000239bbada310
Event: 29.115 Thread 0x00000239b80060b0 flushing  nmethod 0x00000239bbaf5f10
Event: 29.115 Thread 0x00000239b80060b0 flushing  nmethod 0x00000239bbaf9890
Event: 29.115 Thread 0x00000239b80060b0 flushing  nmethod 0x00000239bbafb110
Event: 29.115 Thread 0x00000239b80060b0 flushing  nmethod 0x00000239bbafb710
Event: 29.115 Thread 0x00000239b80060b0 flushing  nmethod 0x00000239bbafbe10
Event: 29.115 Thread 0x00000239b80060b0 flushing  nmethod 0x00000239bbafc190
Event: 29.115 Thread 0x00000239b80060b0 flushing  nmethod 0x00000239bbb00890
Event: 29.115 Thread 0x00000239b80060b0 flushing  nmethod 0x00000239bbb19e90
Event: 29.115 Thread 0x00000239b80060b0 flushing  nmethod 0x00000239bbb33f90
Event: 29.115 Thread 0x00000239b80060b0 flushing  nmethod 0x00000239bbb43b10
Event: 29.115 Thread 0x00000239b80060b0 flushing  nmethod 0x00000239bbb45090
Event: 29.115 Thread 0x00000239b80060b0 flushing  nmethod 0x00000239bbb7f090
Event: 29.115 Thread 0x00000239b80060b0 flushing  nmethod 0x00000239bbba4f10

Events (20 events):
Event: 2242.412 Thread 0x0000023a18a1ce40 Thread exited: 0x0000023a18a1ce40
Event: 2542.434 Thread 0x0000023a1623a8c0 Thread exited: 0x0000023a1623a8c0
Event: 2842.439 Thread 0x0000023a18a1c120 Thread exited: 0x0000023a18a1c120
Event: 3142.450 Thread 0x0000023a18a1e1f0 Thread exited: 0x0000023a18a1e1f0
Event: 3442.459 Thread 0x0000023a19dd0760 Thread exited: 0x0000023a19dd0760
Event: 9695.656 Thread 0x00000239b81276e0 Thread added: 0x0000023a1e3498e0
Event: 9700.680 Thread 0x0000023a1e3498e0 Thread exited: 0x0000023a1e3498e0
Event: 10227.688 Thread 0x0000023a176133e0 Thread added: 0x0000023a17613a70
Event: 10227.694 Thread 0x0000023a176133e0 Thread added: 0x0000023a176105f0
Event: 10287.911 Thread 0x0000023a176105f0 Thread exited: 0x0000023a176105f0
Event: 10347.922 Thread 0x0000023a17613a70 Thread exited: 0x0000023a17613a70
Event: 11377.580 Thread 0x0000023a176133e0 Thread added: 0x0000023a17613a70
Event: 11377.844 Thread 0x0000023a17613a70 Thread added: 0x0000023a176105f0
Event: 11377.844 Thread 0x0000023a17613a70 Thread added: 0x0000023a18a19330
Event: 11439.325 Thread 0x0000023a17613a70 Thread exited: 0x0000023a17613a70
Event: 11499.333 Thread 0x0000023a18a19330 Thread exited: 0x0000023a18a19330
Event: 11677.867 Thread 0x0000023a176105f0 Thread exited: 0x0000023a176105f0
Event: 13838.940 Thread 0x0000023a176133e0 Thread added: 0x0000023a18a18ca0
Event: 13838.946 Thread 0x0000023a176133e0 Thread added: 0x0000023a18a19330
Event: 13899.096 Thread 0x0000023a18a19330 Thread exited: 0x0000023a18a19330


Dynamic libraries:
0x00007ff71eaf0000 - 0x00007ff71eafe000 	c:\Users\IsaacPaul\.vscode\extensions\redhat.java-1.55.0-win32-x64\jre\21.0.11-win32-x86_64\bin\java.exe
0x00007ffb41360000 - 0x00007ffb415c6000 	C:\Windows\SYSTEM32\ntdll.dll
0x00007ffb40b40000 - 0x00007ffb40c09000 	C:\Windows\System32\KERNEL32.DLL
0x00007ffb3e5f0000 - 0x00007ffb3e9ea000 	C:\Windows\System32\KERNELBASE.dll
0x00007ffb3ee00000 - 0x00007ffb3ef4c000 	C:\Windows\System32\ucrtbase.dll
0x00007ffb2e510000 - 0x00007ffb2e528000 	c:\Users\IsaacPaul\.vscode\extensions\redhat.java-1.55.0-win32-x64\jre\21.0.11-win32-x86_64\bin\jli.dll
0x00007ffb331b0000 - 0x00007ffb331ce000 	c:\Users\IsaacPaul\.vscode\extensions\redhat.java-1.55.0-win32-x64\jre\21.0.11-win32-x86_64\bin\VCRUNTIME140.dll
0x00007ffb41150000 - 0x00007ffb41317000 	C:\Windows\System32\USER32.dll
0x00007ffb3efe0000 - 0x00007ffb3f007000 	C:\Windows\System32\win32u.dll
0x00007ffb297a0000 - 0x00007ffb29a32000 	C:\Windows\WinSxS\amd64_microsoft.windows.common-controls_6595b64144ccf1df_6.0.26100.8521_none_3e08b75ce33403b3\COMCTL32.dll
0x00007ffb3f330000 - 0x00007ffb3f35b000 	C:\Windows\System32\GDI32.dll
0x00007ffb3fa40000 - 0x00007ffb3fae9000 	C:\Windows\System32\msvcrt.dll
0x00007ffb3ecd0000 - 0x00007ffb3edfb000 	C:\Windows\System32\gdi32full.dll
0x00007ffb3ec20000 - 0x00007ffb3ecc3000 	C:\Windows\System32\msvcp_win.dll
0x00007ffb40230000 - 0x00007ffb40262000 	C:\Windows\System32\IMM32.DLL
0x00007ffb2da10000 - 0x00007ffb2da1c000 	c:\Users\IsaacPaul\.vscode\extensions\redhat.java-1.55.0-win32-x64\jre\21.0.11-win32-x86_64\bin\vcruntime140_1.dll
0x00007ffb0aa50000 - 0x00007ffb0aadd000 	c:\Users\IsaacPaul\.vscode\extensions\redhat.java-1.55.0-win32-x64\jre\21.0.11-win32-x86_64\bin\msvcp140.dll
0x00007ffaaa330000 - 0x00007ffaab0d2000 	c:\Users\IsaacPaul\.vscode\extensions\redhat.java-1.55.0-win32-x64\jre\21.0.11-win32-x86_64\bin\server\jvm.dll
0x00007ffb3f0d0000 - 0x00007ffb3f186000 	C:\Windows\System32\ADVAPI32.dll
0x00007ffb40c10000 - 0x00007ffb40cba000 	C:\Windows\System32\sechost.dll
0x00007ffb3f710000 - 0x00007ffb3f828000 	C:\Windows\System32\RPCRT4.dll
0x00007ffb3f290000 - 0x00007ffb3f310000 	C:\Windows\System32\WS2_32.dll
0x00007ffb3d1b0000 - 0x00007ffb3d20e000 	C:\Windows\SYSTEM32\POWRPROF.dll
0x00007ffb33c60000 - 0x00007ffb33c6b000 	C:\Windows\SYSTEM32\VERSION.dll
0x00007ffb382f0000 - 0x00007ffb38326000 	C:\Windows\SYSTEM32\WINMM.dll
0x00007ffb3d190000 - 0x00007ffb3d1a4000 	C:\Windows\SYSTEM32\UMPDC.dll
0x00007ffb3d480000 - 0x00007ffb3d49b000 	C:\Windows\SYSTEM32\kernel.appcore.dll
0x00007ffb2da00000 - 0x00007ffb2da0a000 	c:\Users\IsaacPaul\.vscode\extensions\redhat.java-1.55.0-win32-x64\jre\21.0.11-win32-x86_64\bin\jimage.dll
0x00007ffb3be80000 - 0x00007ffb3c0c2000 	C:\Windows\SYSTEM32\DBGHELP.DLL
0x00007ffb3fc40000 - 0x00007ffb3ffc3000 	C:\Windows\System32\combase.dll
0x00007ffb3fb50000 - 0x00007ffb3fc29000 	C:\Windows\System32\OLEAUT32.dll
0x00007ffb34180000 - 0x00007ffb341bb000 	C:\Windows\SYSTEM32\dbgcore.DLL
0x00007ffb3e9f0000 - 0x00007ffb3ea98000 	C:\Windows\System32\bcryptPrimitives.dll
0x00007ffb2d950000 - 0x00007ffb2d95f000 	c:\Users\IsaacPaul\.vscode\extensions\redhat.java-1.55.0-win32-x64\jre\21.0.11-win32-x86_64\bin\instrument.dll
0x00007ffb2a830000 - 0x00007ffb2a850000 	c:\Users\IsaacPaul\.vscode\extensions\redhat.java-1.55.0-win32-x64\jre\21.0.11-win32-x86_64\bin\java.dll
0x00007ffb40270000 - 0x00007ffb409f4000 	C:\Windows\System32\SHELL32.dll
0x00007ffb3c1b0000 - 0x00007ffb3ca30000 	C:\Windows\SYSTEM32\windows.storage.dll
0x00007ffb3f190000 - 0x00007ffb3f286000 	C:\Windows\System32\SHCORE.dll
0x00007ffb3f8b0000 - 0x00007ffb3f917000 	C:\Windows\System32\shlwapi.dll
0x00007ffb3e510000 - 0x00007ffb3e539000 	C:\Windows\SYSTEM32\profapi.dll
0x00007ffb27be0000 - 0x00007ffb27bf8000 	c:\Users\IsaacPaul\.vscode\extensions\redhat.java-1.55.0-win32-x64\jre\21.0.11-win32-x86_64\bin\zip.dll
0x00007ffb27f40000 - 0x00007ffb27f50000 	C:\Users\IsaacPaul\.vscode\extensions\redhat.java-1.55.0-win32-x64\jre\21.0.11-win32-x86_64\bin\net.dll
0x00007ffb34460000 - 0x00007ffb34589000 	C:\Windows\SYSTEM32\WINHTTP.dll
0x00007ffb3da10000 - 0x00007ffb3da7c000 	C:\Windows\system32\mswsock.dll
0x00007ffb27b10000 - 0x00007ffb27b26000 	C:\Users\IsaacPaul\.vscode\extensions\redhat.java-1.55.0-win32-x64\jre\21.0.11-win32-x86_64\bin\nio.dll
0x00007ffb26830000 - 0x00007ffb26840000 	c:\Users\IsaacPaul\.vscode\extensions\redhat.java-1.55.0-win32-x64\jre\21.0.11-win32-x86_64\bin\verify.dll
0x00007ffb0a9d0000 - 0x00007ffb0aa15000 	C:\Users\IsaacPaul\AppData\Roaming\Code\User\globalStorage\redhat.java\1.55.0\config_win\org.eclipse.equinox.launcher\org.eclipse.equinox.launcher.win32.win32.x86_64_1.3.100.v20260613-0559\eclipse_11924.dll
0x00007ffb3ffd0000 - 0x00007ffb40168000 	C:\Windows\System32\ole32.dll
0x00007ffb26820000 - 0x00007ffb2682a000 	C:\Users\IsaacPaul\.vscode\extensions\redhat.java-1.55.0-win32-x64\jre\21.0.11-win32-x86_64\bin\management.dll
0x00007ffb24fe0000 - 0x00007ffb24fec000 	C:\Users\IsaacPaul\.vscode\extensions\redhat.java-1.55.0-win32-x64\jre\21.0.11-win32-x86_64\bin\management_ext.dll
0x00007ffb3f370000 - 0x00007ffb3f378000 	C:\Windows\System32\PSAPI.DLL
0x00007ffb3dcf0000 - 0x00007ffb3dd0b000 	C:\Windows\SYSTEM32\CRYPTSP.dll
0x00007ffb3d3d0000 - 0x00007ffb3d409000 	C:\Windows\system32\rsaenh.dll
0x00007ffb3dac0000 - 0x00007ffb3daf3000 	C:\Windows\SYSTEM32\USERENV.dll
0x00007ffb3e4e0000 - 0x00007ffb3e50a000 	C:\Windows\SYSTEM32\bcrypt.dll
0x00007ffb3dd10000 - 0x00007ffb3dd1c000 	C:\Windows\SYSTEM32\CRYPTBASE.dll
0x00007ffb3cdb0000 - 0x00007ffb3cde3000 	C:\Windows\SYSTEM32\IPHLPAPI.DLL
0x00007ffb3fc30000 - 0x00007ffb3fc3a000 	C:\Windows\System32\NSI.dll
0x00007ffaf8740000 - 0x00007ffaf8789000 	C:\Users\IsaacPaul\AppData\Local\Temp\jna--1475983711\jna1060964583428502811.dll
0x00007ffb34440000 - 0x00007ffb3445d000 	C:\Windows\SYSTEM32\dhcpcsvc6.DLL
0x00007ffb34410000 - 0x00007ffb34435000 	C:\Windows\SYSTEM32\dhcpcsvc.DLL
0x00007ffb1d8b0000 - 0x00007ffb1d8be000 	C:\Users\IsaacPaul\.vscode\extensions\redhat.java-1.55.0-win32-x64\jre\21.0.11-win32-x86_64\bin\sunmscapi.dll
0x00007ffb3eaa0000 - 0x00007ffb3ec18000 	C:\Windows\System32\CRYPT32.dll
0x00007ffb3df10000 - 0x00007ffb3df40000 	C:\Windows\SYSTEM32\ncrypt.dll
0x00007ffb3dec0000 - 0x00007ffb3deff000 	C:\Windows\SYSTEM32\NTASN1.dll
0x00007ffb3ce40000 - 0x00007ffb3cf8a000 	C:\Windows\SYSTEM32\DNSAPI.dll
0x00007ffb3d810000 - 0x00007ffb3d81d000 	C:\Windows\SYSTEM32\DSPARSE.dll
0x00007ffb31100000 - 0x00007ffb3110b000 	C:\Windows\System32\rasadhlp.dll
0x00007ffb326f0000 - 0x00007ffb32776000 	C:\Windows\System32\fwpuclnt.dll
0x00007ffb1c880000 - 0x00007ffb1c889000 	C:\Users\IsaacPaul\.vscode\extensions\redhat.java-1.55.0-win32-x64\jre\21.0.11-win32-x86_64\bin\extnet.dll

JVMTI agents:
c:\Users\IsaacPaul\.vscode\extensions\redhat.java-1.55.0-win32-x64\lombok\lombok-1.18.39-4050.jar path:c:\Users\IsaacPaul\.vscode\extensions\redhat.java-1.55.0-win32-x64\jre\21.0.11-win32-x86_64\bin\instrument.dll, loaded, initialized, instrumentlib options:none

dbghelp: loaded successfully - version: 4.0.5 - missing functions: none
symbol engine: initialized successfully - sym options: 0x614 - pdb path: .;c:\Users\IsaacPaul\.vscode\extensions\redhat.java-1.55.0-win32-x64\jre\21.0.11-win32-x86_64\bin;C:\Windows\SYSTEM32;C:\Windows\WinSxS\amd64_microsoft.windows.common-controls_6595b64144ccf1df_6.0.26100.8521_none_3e08b75ce33403b3;c:\Users\IsaacPaul\.vscode\extensions\redhat.java-1.55.0-win32-x64\jre\21.0.11-win32-x86_64\bin\server;C:\Users\IsaacPaul\AppData\Roaming\Code\User\globalStorage\redhat.java\1.55.0\config_win\org.eclipse.equinox.launcher\org.eclipse.equinox.launcher.win32.win32.x86_64_1.3.100.v20260613-0559;C:\Users\IsaacPaul\AppData\Local\Temp\jna--1475983711

VM Arguments:
jvm_args: --add-modules=ALL-SYSTEM --add-opens=java.base/java.util=ALL-UNNAMED --add-opens=java.base/java.lang=ALL-UNNAMED --add-opens=java.base/sun.nio.fs=ALL-UNNAMED -Declipse.application=org.eclipse.jdt.ls.core.id1 -Dosgi.bundles.defaultStartLevel=4 -Declipse.product=org.eclipse.jdt.ls.core.product -Djava.import.generatesMetadataFilesAtProjectRoot=false -DDetectVMInstallationsJob.disabled=true -Dfile.encoding=utf8 -XX:+UseParallelGC -XX:GCTimeRatio=4 -XX:AdaptiveSizePolicyWeight=90 -Dsun.zip.disableMemoryMapping=true -Xmx2G -Xms100m -Xlog:disable -javaagent:c:\Users\IsaacPaul\.vscode\extensions\redhat.java-1.55.0-win32-x64\lombok\lombok-1.18.39-4050.jar -XX:+HeapDumpOnOutOfMemoryError -XX:HeapDumpPath=c:\Users\IsaacPaul\AppData\Roaming\Code\User\workspaceStorage\fb2e368fb90774100fcd995cb800ee3f\redhat.java -Daether.dependencyCollector.impl=bf 
java_command: c:\Users\IsaacPaul\.vscode\extensions\redhat.java-1.55.0-win32-x64\server\plugins\org.eclipse.equinox.launcher_1.7.200.v20260619-2039.jar -configuration c:\Users\IsaacPaul\AppData\Roaming\Code\User\globalStorage\redhat.java\1.55.0\config_win -data c:\Users\IsaacPaul\AppData\Roaming\Code\User\workspaceStorage\fb2e368fb90774100fcd995cb800ee3f\redhat.java\jdt_ws --pipe=\\.\pipe\lsp-09f195931568ef41b0b3fbbaa74189ac-sock
java_class_path (initial): c:\Users\IsaacPaul\.vscode\extensions\redhat.java-1.55.0-win32-x64\server\plugins\org.eclipse.equinox.launcher_1.7.200.v20260619-2039.jar
Launcher Type: SUN_STANDARD

[Global flags]
    uintx AdaptiveSizePolicyWeight                 = 90                                        {product} {command line}
     intx CICompilerCount                          = 4                                         {product} {ergonomic}
    uintx GCTimeRatio                              = 4                                         {product} {command line}
     bool HeapDumpOnOutOfMemoryError               = true                                   {manageable} {command line}
    ccstr HeapDumpPath                             = c:\Users\IsaacPaul\AppData\Roaming\Code\User\workspaceStorage\fb2e368fb90774100fcd995cb800ee3f\redhat.java         {manageable} {command line}
   size_t InitialHeapSize                          = 104857600                                 {product} {command line}
   size_t MaxHeapSize                              = 2147483648                                {product} {command line}
   size_t MaxNewSize                               = 715653120                                 {product} {ergonomic}
   size_t MinHeapDeltaBytes                        = 524288                                    {product} {ergonomic}
   size_t MinHeapSize                              = 104857600                                 {product} {command line}
   size_t NewSize                                  = 34603008                                  {product} {ergonomic}
    uintx NonNMethodCodeHeapSize                   = 5839372                                {pd product} {ergonomic}
    uintx NonProfiledCodeHeapSize                  = 122909434                              {pd product} {ergonomic}
   size_t OldSize                                  = 70254592                                  {product} {ergonomic}
    uintx ProfiledCodeHeapSize                     = 122909434                              {pd product} {ergonomic}
    uintx ReservedCodeCacheSize                    = 251658240                              {pd product} {ergonomic}
     bool SegmentedCodeCache                       = true                                      {product} {ergonomic}
   size_t SoftMaxHeapSize                          = 2147483648                             {manageable} {ergonomic}
     bool UseCompressedOops                        = true                           {product lp64_product} {ergonomic}
     bool UseLargePagesIndividualAllocation        = false                                  {pd product} {ergonomic}
     bool UseParallelGC                            = true                                      {product} {command line}

Logging:
Log output configuration:
 #0: stdout all=off uptime,level,tags foldmultilines=false
 #1: stderr all=off uptime,level,tags foldmultilines=false

Release file:
JAVA_VERSION="21.0.11" 
MODULES="java.base java.compiler java.datatransfer java.xml java.prefs java.desktop java.instrument java.logging java.management java.security.sasl java.naming java.rmi java.management.rmi java.net.http java.scripting java.security.jgss java.transaction.xa java.sql java.sql.rowset java.xml.crypto java.se java.smartcardio jdk.accessibility jdk.internal.jvmstat jdk.attach jdk.charsets jdk.internal.opt jdk.zipfs jdk.compiler jdk.crypto.ec jdk.crypto.cryptoki jdk.crypto.mscapi jdk.dynalink jdk.internal.ed jdk.editpad jdk.hotspot.agent jdk.httpserver jdk.internal.le jdk.internal.vm.ci jdk.internal.vm.compiler jdk.internal.vm.compiler.management jdk.jartool jdk.javadoc jdk.jcmd jdk.management jdk.management.agent jdk.jconsole jdk.jdeps jdk.jdwp.agent jdk.jdi jdk.jfr jdk.jshell jdk.jsobject jdk.jstatd jdk.localedata jdk.management.jfr jdk.naming.dns jdk.naming.rmi jdk.net jdk.nio.mapmode jdk.random jdk.sctp jdk.security.auth jdk.security.jgss jdk.unsupported jdk.unsupported.desktop jdk.xml.dom" 

Environment Variables:
JAVA_HOME=C:\jdk\oracleJdk-26
PATH=C:\Program Files\Microsoft\jdk-21.0.11.10-hotspot\bin;C:\app\IsaacPaul\product\21c\dbhomeXE\bin;C:\Python314\Scripts\;C:\Python314\;C:\Windows\system32;C:\Windows;C:\Windows\System32\Wbem;C:\Windows\System32\WindowsPowerShell\v1.0\;C:\Windows\System32\OpenSSH\;C:\Program Files (x86)\NVIDIA Corporation\PhysX\Common;C:\Program Files\NVIDIA Corporation\NVIDIA NvDLISR;C:\Program Files\nodejs\;C:\ProgramData\chocolatey\bin;C:\Program Files\Git\cmd;C:\Program Files\Cloudflare\Cloudflare WARP\;c:\Users\IsaacPaul\AppData\Local\Programs\cursor\resources\app\codeBin;C:\Users\IsaacPaul\.cargo\bin;C:\Users\IsaacPaul\AppData\Local\Microsoft\WindowsApps;C:\Users\IsaacPaul\AppData\Local\Programs\Microsoft VS Code\bin;C:\Users\IsaacPaul\AppData\Roaming\npm;C:\Users\IsaacPaul\AppData\Local\Python\bin;C:\Users\IsaacPaul\AppData\Local\Programs\cursor\resources\app\bin;C:\Users\IsaacPaul\AppData\Local\Programs\Antigravity\bin;C:\Users\IsaacPaul\AppData\Local\GitHubDesktop\bin
USERNAME=IsaacPaul
OS=Windows_NT
PROCESSOR_IDENTIFIER=Intel64 Family 6 Model 151 Stepping 2, GenuineIntel
TMP=C:\Users\ISAACP~1\AppData\Local\Temp
TEMP=C:\Users\ISAACP~1\AppData\Local\Temp




Periodic native trim disabled

---------------  S Y S T E M  ---------------

OS:
 Windows 11 , 64 bit Build 26100 (10.0.26100.8521)
OS uptime: 9 days 14:22 hours
Hyper-V role detected

CPU: total 12 (initial active 12) (6 cores per cpu, 2 threads per core) family 6 model 151 stepping 2 microcode 0x37, cx8, cmov, fxsr, ht, mmx, 3dnowpref, sse, sse2, sse3, ssse3, sse4.1, sse4.2, popcnt, lzcnt, tsc, tscinvbit, avx, avx2, aes, erms, clmul, bmi1, bmi2, adx, sha, fma, vzeroupper, clflush, clflushopt, clwb, hv, serialize, rdtscp, rdpid, fsrm, f16c, cet_ibt, cet_ss
Processor Information for the first 12 processors :
  Max Mhz: 2400, Current Mhz: 2400, Mhz Limit: 2400

Memory: 4k page, system-wide physical 16091M (1846M free)
TotalPageFile size 39382M (AvailPageFile size 184M)
current process WorkingSet (physical memory assigned to process): 39M, peak: 956M
current process commit charge ("private bytes"): 992M, peak: 994M

vm_info: OpenJDK 64-Bit Server VM (21.0.11+10-LTS) for windows-amd64 JRE (21.0.11+10-LTS), built on 2026-04-21T00:00:00Z by "admin" with MS VC++ 17.12 (VS2022)

END.
